C:\Program Files (x86)\Microsoft Visual Studio\2019\Community\MSBuild\Microsoft\VC\v160\Microsoft.CppBuild.targets(459,5): warning MSB8028: The intermediate directory (x64\Release\) contains files shared from another project (Base OpenGL 3.3 Camera.vcxproj).  This can lead to incorrect clean and rebuild behavior.
  main.cpp
C:\Users\Michele\Desktop\Università\Magistrale\Grafica avanzata\Esame Grafica avanzata\Progetto finale\Base OpenGL 3.3 Camera\shader_s.h(53,8): warning C4101: 'infoLog': variabile locale senza riferimenti
C:\Users\Michele\Desktop\Università\Magistrale\Grafica avanzata\Esame Grafica avanzata\Progetto finale\Base OpenGL 3.3 Camera\shader_s.h(52,7): warning C4101: 'success': variabile locale senza riferimenti
C:\Users\Michele\Desktop\Università\Magistrale\Grafica avanzata\Esame Grafica avanzata\Progetto finale\Base OpenGL 3.3 Camera\camera.h(313,28): warning C4244: '=': conversione da 'double' a 'float'. Possibile perdita di dati.
C:\Users\Michele\Desktop\Università\Magistrale\Grafica avanzata\Esame Grafica avanzata\Progetto finale\Base OpenGL 3.3 Camera\skyBox.h(17,27): warning C4305: 'inizializzazione': troncamento da 'double' a 'float'
C:\Users\Michele\Desktop\Università\Magistrale\Grafica avanzata\Esame Grafica avanzata\Progetto finale\Base OpenGL 3.3 Camera\skyBox.h(69,9): warning C4101: 'radius': variabile locale senza riferimenti
C:\Users\Michele\Desktop\Università\Magistrale\Grafica avanzata\Esame Grafica avanzata\Progetto finale\Base OpenGL 3.3 Camera\skyBox.h(67,16): warning C4101: 'texture': variabile locale senza riferimenti
C:\Users\Michele\Desktop\Università\Magistrale\Grafica avanzata\Esame Grafica avanzata\Progetto finale\Base OpenGL 3.3 Camera\skyBox.h(71,9): warning C4101: 'longitude': variabile locale senza riferimenti
C:\Users\Michele\Desktop\Università\Magistrale\Grafica avanzata\Esame Grafica avanzata\Progetto finale\Base OpenGL 3.3 Camera\skyBox.h(70,9): warning C4101: 'latitude': variabile locale senza riferimenti
C:\Users\Michele\Desktop\Università\Magistrale\Grafica avanzata\Esame Grafica avanzata\Progetto finale\Base OpenGL 3.3 Camera\skyBox.h(68,8): warning C4101: 'traslate': variabile locale senza riferimenti
C:\Users\Michele\Desktop\Università\Magistrale\Grafica avanzata\Esame Grafica avanzata\Progetto finale\Base OpenGL 3.3 Camera\skyBox.h(100,12): warning C4244: 'inizializzazione': conversione da 'const float' a 'int'. Possibile perdita di dati.
C:\Users\Michele\Desktop\Università\Magistrale\Grafica avanzata\Esame Grafica avanzata\Progetto finale\Base OpenGL 3.3 Camera\skyBox.h(101,10): warning C4244: 'inizializzazione': conversione da 'const float' a 'int'. Possibile perdita di dati.
C:\Users\Michele\Desktop\Università\Magistrale\Grafica avanzata\Esame Grafica avanzata\Progetto finale\Base OpenGL 3.3 Camera\skyBox.h(104,8): warning C4101: 'nx': variabile locale senza riferimenti
C:\Users\Michele\Desktop\Università\Magistrale\Grafica avanzata\Esame Grafica avanzata\Progetto finale\Base OpenGL 3.3 Camera\skyBox.h(104,12): warning C4101: 'ny': variabile locale senza riferimenti
C:\Users\Michele\Desktop\Università\Magistrale\Grafica avanzata\Esame Grafica avanzata\Progetto finale\Base OpenGL 3.3 Camera\skyBox.h(104,16): warning C4101: 'nz': variabile locale senza riferimenti
C:\Users\Michele\Desktop\Università\Magistrale\Grafica avanzata\Esame Grafica avanzata\Progetto finale\Base OpenGL 3.3 Camera\skyBox.h(142,10): warning C4244: '=': conversione da 'float' a 'unsigned int'. Possibile perdita di dati.
C:\Users\Michele\Desktop\Università\Magistrale\Grafica avanzata\Esame Grafica avanzata\Progetto finale\Base OpenGL 3.3 Camera\skyBox.h(143,25): warning C4244: '=': conversione da 'float' a 'unsigned int'. Possibile perdita di dati.
C:\Users\Michele\Desktop\Università\Magistrale\Grafica avanzata\Esame Grafica avanzata\Progetto finale\Base OpenGL 3.3 Camera\car.h(30,8): warning C4101: 'front': variabile locale senza riferimenti
C:\Users\Michele\Desktop\Università\Magistrale\Grafica avanzata\Esame Grafica avanzata\Progetto finale\Base OpenGL 3.3 Camera\car.h(35,9): warning C4101: 'acceleration': variabile locale senza riferimenti
C:\Users\Michele\Desktop\Università\Magistrale\Grafica avanzata\Esame Grafica avanzata\Progetto finale\Base OpenGL 3.3 Camera\car.h(36,9): warning C4101: 'staticAcceleration': variabile locale senza riferimenti
C:\Users\Michele\Desktop\Università\Magistrale\Grafica avanzata\Esame Grafica avanzata\Progetto finale\Base OpenGL 3.3 Camera\car.h(37,9): warning C4101: 'maxSpeed': variabile locale senza riferimenti
C:\Users\Michele\Desktop\Università\Magistrale\Grafica avanzata\Esame Grafica avanzata\Progetto finale\Base OpenGL 3.3 Camera\car.h(29,8): warning C4101: 'position': variabile locale senza riferimenti
C:\Users\Michele\Desktop\Università\Magistrale\Grafica avanzata\Esame Grafica avanzata\Progetto finale\Base OpenGL 3.3 Camera\car.h(31,9): warning C4101: 'yaw': variabile locale senza riferimenti
C:\Users\Michele\Desktop\Università\Magistrale\Grafica avanzata\Esame Grafica avanzata\Progetto finale\Base OpenGL 3.3 Camera\car.h(44,8): warning C4101: 'delayPosition': variabile locale senza riferimenti
C:\Users\Michele\Desktop\Università\Magistrale\Grafica avanzata\Esame Grafica avanzata\Progetto finale\Base OpenGL 3.3 Camera\car.h(33,9): warning C4101: 'speed': variabile locale senza riferimenti
C:\Users\Michele\Desktop\Università\Magistrale\Grafica avanzata\Esame Grafica avanzata\Progetto finale\Base OpenGL 3.3 Camera\car.h(41,9): warning C4101: 'delayYaw': variabile locale senza riferimenti
C:\Users\Michele\Desktop\Università\Magistrale\Grafica avanzata\Esame Grafica avanzata\Progetto finale\Base OpenGL 3.3 Camera\car.h(34,9): warning C4101: 'angularVelocity': variabile locale senza riferimenti
C:\Users\Michele\Desktop\Università\Magistrale\Grafica avanzata\Esame Grafica avanzata\Progetto finale\Base OpenGL 3.3 Camera\terrain.h(151,1): warning C4267: 'argomento': conversione da 'size_t' a '_Ty'. Possibile perdita di dati.
          with
          [
              _Ty=unsigned int
          ]
C:\Users\Michele\Desktop\Università\Magistrale\Grafica avanzata\Esame Grafica avanzata\Progetto finale\Base OpenGL 3.3 Camera\terrain.h(182,1): warning C4267: '=': conversione da 'size_t' a 'unsigned int'. Possibile perdita di dati.
C:\Users\Michele\Desktop\Università\Magistrale\Grafica avanzata\Esame Grafica avanzata\Progetto finale\Base OpenGL 3.3 Camera\effects.h(51,65): warning C4244: 'argomento': conversione da 'double' a 'float'. Possibile perdita di dati.
C:\Users\Michele\Desktop\Università\Magistrale\Grafica avanzata\Esame Grafica avanzata\Progetto finale\Base OpenGL 3.3 Camera\util.h(36,24): warning C4305: 'inizializzazione': troncamento da 'double' a 'float'
C:\Users\Michele\Desktop\Università\Magistrale\Grafica avanzata\Esame Grafica avanzata\Progetto finale\Base OpenGL 3.3 Camera\util.h(51,10): warning C4244: 'inizializzazione': conversione da 'double' a 'float'. Possibile perdita di dati.
C:\Users\Michele\Desktop\Università\Magistrale\Grafica avanzata\Esame Grafica avanzata\Progetto finale\Base OpenGL 3.3 Camera\billboard.h(37,28): warning C4305: 'inizializzazione': troncamento da 'double' a 'const float'
C:\Users\Michele\Desktop\Università\Magistrale\Grafica avanzata\Esame Grafica avanzata\Progetto finale\Base OpenGL 3.3 Camera\billboard.h(101,1): warning C4305: 'inizializzazione': troncamento da 'double' a 'float'
C:\Users\Michele\Desktop\Università\Magistrale\Grafica avanzata\Esame Grafica avanzata\Progetto finale\Base OpenGL 3.3 Camera\sphere.h(17,25): warning C4305: 'inizializzazione': troncamento da 'double' a 'float'
C:\Users\Michele\Desktop\Università\Magistrale\Grafica avanzata\Esame Grafica avanzata\Progetto finale\Base OpenGL 3.3 Camera\sphere.h(24,9): warning C4101: 'radius': variabile locale senza riferimenti
C:\Users\Michele\Desktop\Università\Magistrale\Grafica avanzata\Esame Grafica avanzata\Progetto finale\Base OpenGL 3.3 Camera\sphere.h(22,16): warning C4101: 'texture': variabile locale senza riferimenti
C:\Users\Michele\Desktop\Università\Magistrale\Grafica avanzata\Esame Grafica avanzata\Progetto finale\Base OpenGL 3.3 Camera\sphere.h(26,9): warning C4101: 'longitude': variabile locale senza riferimenti
C:\Users\Michele\Desktop\Università\Magistrale\Grafica avanzata\Esame Grafica avanzata\Progetto finale\Base OpenGL 3.3 Camera\sphere.h(25,9): warning C4101: 'latitude': variabile locale senza riferimenti
C:\Users\Michele\Desktop\Università\Magistrale\Grafica avanzata\Esame Grafica avanzata\Progetto finale\Base OpenGL 3.3 Camera\sphere.h(23,8): warning C4101: 'traslate': variabile locale senza riferimenti
C:\Users\Michele\Desktop\Università\Magistrale\Grafica avanzata\Esame Grafica avanzata\Progetto finale\Base OpenGL 3.3 Camera\sphere.h(52,12): warning C4244: 'inizializzazione': conversione da 'const float' a 'int'. Possibile perdita di dati.
C:\Users\Michele\Desktop\Università\Magistrale\Grafica avanzata\Esame Grafica avanzata\Progetto finale\Base OpenGL 3.3 Camera\sphere.h(53,10): warning C4244: 'inizializzazione': conversione da 'const float' a 'int'. Possibile perdita di dati.
C:\Users\Michele\Desktop\Università\Magistrale\Grafica avanzata\Esame Grafica avanzata\Progetto finale\Base OpenGL 3.3 Camera\sphere.h(103,10): warning C4244: '=': conversione da 'float' a 'unsigned int'. Possibile perdita di dati.
C:\Users\Michele\Desktop\Università\Magistrale\Grafica avanzata\Esame Grafica avanzata\Progetto finale\Base OpenGL 3.3 Camera\sphere.h(104,25): warning C4244: '=': conversione da 'float' a 'unsigned int'. Possibile perdita di dati.
C:\Users\Michele\Desktop\Università\Magistrale\Grafica avanzata\Esame Grafica avanzata\Progetto finale\Base OpenGL 3.3 Camera\main.cpp(441,55): warning C4305: 'argomento': troncamento da 'double' a 'float'
C:\Users\Michele\Desktop\Università\Magistrale\Grafica avanzata\Esame Grafica avanzata\Progetto finale\Base OpenGL 3.3 Camera\main.cpp(457,57): warning C4305: 'argomento': troncamento da 'double' a 'float'
C:\Users\Michele\Desktop\Università\Magistrale\Grafica avanzata\Esame Grafica avanzata\Progetto finale\Base OpenGL 3.3 Camera\main.cpp(752,89): warning C4305: 'argomento': troncamento da 'double' a 'float'
C:\Users\Michele\Desktop\Università\Magistrale\Grafica avanzata\Esame Grafica avanzata\Progetto finale\Base OpenGL 3.3 Camera\main.cpp(755,78): warning C4305: 'argomento': troncamento da 'double' a 'float'
C:\Users\Michele\Desktop\Università\Magistrale\Grafica avanzata\Esame Grafica avanzata\Progetto finale\Base OpenGL 3.3 Camera\main.cpp(760,77): warning C4305: 'argomento': troncamento da 'double' a 'float'
C:\Users\Michele\Desktop\Università\Magistrale\Grafica avanzata\Esame Grafica avanzata\Progetto finale\Base OpenGL 3.3 Camera\main.cpp(761,103): warning C4305: 'argomento': troncamento da 'double' a 'float'
C:\Users\Michele\Desktop\Università\Magistrale\Grafica avanzata\Esame Grafica avanzata\Progetto finale\Base OpenGL 3.3 Camera\main.cpp(764,103): warning C4305: 'argomento': troncamento da 'double' a 'float'
C:\Users\Michele\Desktop\Università\Magistrale\Grafica avanzata\Esame Grafica avanzata\Progetto finale\Base OpenGL 3.3 Camera\main.cpp(765,101): warning C4305: 'argomento': troncamento da 'double' a 'float'
C:\Users\Michele\Desktop\Università\Magistrale\Grafica avanzata\Esame Grafica avanzata\Progetto finale\Base OpenGL 3.3 Camera\main.cpp(936,78): warning C4305: 'argomento': troncamento da 'double' a 'float'
C:\Users\Michele\Desktop\Università\Magistrale\Grafica avanzata\Esame Grafica avanzata\Progetto finale\Base OpenGL 3.3 Camera\main.cpp(1051,97): warning C4305: 'argomento': troncamento da 'double' a 'float'
C:\Users\Michele\Desktop\Università\Magistrale\Grafica avanzata\Esame Grafica avanzata\Progetto finale\Base OpenGL 3.3 Camera\main.cpp(1168,89): warning C4305: 'argomento': troncamento da 'double' a 'float'
C:\Users\Michele\Desktop\Università\Magistrale\Grafica avanzata\Esame Grafica avanzata\Progetto finale\Base OpenGL 3.3 Camera\main.cpp(1169,7): warning C4305: 'argomento': troncamento da 'double' a 'float'
C:\Users\Michele\Desktop\Università\Magistrale\Grafica avanzata\Esame Grafica avanzata\Progetto finale\Base OpenGL 3.3 Camera\main.cpp(1413,16): warning C4244: 'inizializzazione': conversione da 'double' a 'float'. Possibile perdita di dati.
C:\Users\Michele\Desktop\Università\Magistrale\Grafica avanzata\Esame Grafica avanzata\Progetto finale\Base OpenGL 3.3 Camera\main.cpp(1424,28): warning C4244: 'argomento': conversione da 'double' a 'float'. Possibile perdita di dati.
C:\Users\Michele\Desktop\Università\Magistrale\Grafica avanzata\Esame Grafica avanzata\Progetto finale\Base OpenGL 3.3 Camera\kdtree.h(224,1): warning C4267: 'argomento': conversione da 'size_t' a 'int'. Possibile perdita di dati.
C:\Users\Michele\Desktop\Università\Magistrale\Grafica avanzata\Esame Grafica avanzata\Progetto finale\Base OpenGL 3.3 Camera\kdtree.h(221): message : durante la compilazione della funzione membro 'double kd::AlberoKD<TriangoloPt>::calcolaDistanza(const PuntoT &,const PuntoT &)' di modello classe
          with
          [
              PuntoT=TriangoloPt
          ]
C:\Users\Michele\Desktop\Università\Magistrale\Grafica avanzata\Esame Grafica avanzata\Progetto finale\Base OpenGL 3.3 Camera\kdtree.h(277): message : vedere il riferimento all'istanza 'double kd::AlberoKD<TriangoloPt>::calcolaDistanza(const PuntoT &,const PuntoT &)' della funzione modello di cui è in corso la compilazione
          with
          [
              PuntoT=TriangoloPt
          ]
C:\Users\Michele\Desktop\Università\Magistrale\Grafica avanzata\Esame Grafica avanzata\Progetto finale\Base OpenGL 3.3 Camera\terrain.h(113): message : vedere il riferimento all'istanza 'kd::AlberoKD<TriangoloPt>' di modello classe di cui è in corso la compilazione
  Generazione codice in corso...
  1 of 1503 functions (<0.1%) were compiled, the rest were copied from previous compilation.
    0 functions were new in current compilation
    7 functions had inline decision re-evaluated but remain unchanged
  Generazione codice terminata
  Base OpenGL 3.3 Camera.vcxproj -> C:\Users\Michele\Desktop\Università\Magistrale\Grafica avanzata\Esame Grafica avanzata\Progetto finale\x64\Release\Super Car Racing.exe
